<?xml version="1.0" encoding="UTF-8"?>
<testng-results ignored="0" total="16" passed="14" failed="2" skipped="0">
  <reporter-output>
  </reporter-output>
  <suite started-at="2025-07-06T19:31:35 BST" name="Default suite" finished-at="2025-07-06T19:31:47 BST" duration-ms="11785">
    <groups>
      <group name="cucumber">
        <method signature="AbstractTestNGCucumberTests.runScenario(io.cucumber.testng.PickleWrapper,io.cucumber.testng.FeatureWrapper)[pri:0, instance:cucumber.TestNGTestRunner@40005471]" name="runScenario" class="io.cucumber.testng.AbstractTestNGCucumberTests"/>
      </group> <!-- cucumber -->
    </groups>
    <test started-at="2025-07-06T19:31:35 BST" name="Default test" finished-at="2025-07-06T19:31:47 BST" duration-ms="11785">
      <class name="cucumber.TestNGTestRunner">
        <test-method is-config="true" signature="setUpClass(org.testng.ITestContext)[pri:0, instance:cucumber.TestNGTestRunner@40005471]" started-at="2025-07-06T19:31:35 BST" name="setUpClass" finished-at="2025-07-06T19:31:35 BST" duration-ms="545" status="PASS">
          <params>
            <param index="0">
              <value>
                <![CDATA[org.testng.TestRunner@645ba24a]]>
              </value>
            </param>
          </params>
          <reporter-output>
          </reporter-output>
        </test-method> <!-- setUpClass -->
        <test-method signature="runScenario(io.cucumber.testng.PickleWrapper,io.cucumber.testng.FeatureWrapper)[pri:0, instance:cucumber.TestNGTestRunner@40005471]" started-at="2025-07-06T19:31:35 BST" name="runScenario" description="Runs Cucumber Scenarios" data-provider="scenarios" finished-at="2025-07-06T19:31:38 BST" duration-ms="2683" status="PASS">
          <params>
            <param index="0">
              <value>
                <![CDATA["Predicting the gender of single name"]]>
              </value>
            </param>
            <param index="1">
              <value>
                <![CDATA["Test API endpoint"]]>
              </value>
            </param>
          </params>
          <reporter-output>
          </reporter-output>
        </test-method> <!-- runScenario -->
        <test-method signature="runScenario(io.cucumber.testng.PickleWrapper,io.cucumber.testng.FeatureWrapper)[pri:0, instance:cucumber.TestNGTestRunner@40005471]" started-at="2025-07-06T19:31:38 BST" name="runScenario" description="Runs Cucumber Scenarios" data-provider="scenarios" finished-at="2025-07-06T19:31:39 BST" duration-ms="593" status="PASS">
          <params>
            <param index="0">
              <value>
                <![CDATA["Predicting the gender of single name"]]>
              </value>
            </param>
            <param index="1">
              <value>
                <![CDATA["Test API endpoint"]]>
              </value>
            </param>
          </params>
          <reporter-output>
          </reporter-output>
        </test-method> <!-- runScenario -->
        <test-method signature="runScenario(io.cucumber.testng.PickleWrapper,io.cucumber.testng.FeatureWrapper)[pri:0, instance:cucumber.TestNGTestRunner@40005471]" started-at="2025-07-06T19:31:39 BST" name="runScenario" description="Runs Cucumber Scenarios" data-provider="scenarios" finished-at="2025-07-06T19:31:39 BST" duration-ms="583" status="PASS">
          <params>
            <param index="0">
              <value>
                <![CDATA["Predicting the gender of single name"]]>
              </value>
            </param>
            <param index="1">
              <value>
                <![CDATA["Test API endpoint"]]>
              </value>
            </param>
          </params>
          <reporter-output>
          </reporter-output>
        </test-method> <!-- runScenario -->
        <test-method signature="runScenario(io.cucumber.testng.PickleWrapper,io.cucumber.testng.FeatureWrapper)[pri:0, instance:cucumber.TestNGTestRunner@40005471]" started-at="2025-07-06T19:31:39 BST" name="runScenario" description="Runs Cucumber Scenarios" data-provider="scenarios" finished-at="2025-07-06T19:31:40 BST" duration-ms="558" status="PASS">
          <params>
            <param index="0">
              <value>
                <![CDATA["Predicting the gender of single name"]]>
              </value>
            </param>
            <param index="1">
              <value>
                <![CDATA["Test API endpoint"]]>
              </value>
            </param>
          </params>
          <reporter-output>
          </reporter-output>
        </test-method> <!-- runScenario -->
        <test-method signature="runScenario(io.cucumber.testng.PickleWrapper,io.cucumber.testng.FeatureWrapper)[pri:0, instance:cucumber.TestNGTestRunner@40005471]" started-at="2025-07-06T19:31:40 BST" name="runScenario" description="Runs Cucumber Scenarios" data-provider="scenarios" finished-at="2025-07-06T19:31:40 BST" duration-ms="545" status="PASS">
          <params>
            <param index="0">
              <value>
                <![CDATA["Predicting the gender of single name"]]>
              </value>
            </param>
            <param index="1">
              <value>
                <![CDATA["Test API endpoint"]]>
              </value>
            </param>
          </params>
          <reporter-output>
          </reporter-output>
        </test-method> <!-- runScenario -->
        <test-method signature="runScenario(io.cucumber.testng.PickleWrapper,io.cucumber.testng.FeatureWrapper)[pri:0, instance:cucumber.TestNGTestRunner@40005471]" started-at="2025-07-06T19:31:40 BST" name="runScenario" description="Runs Cucumber Scenarios" data-provider="scenarios" finished-at="2025-07-06T19:31:41 BST" duration-ms="588" status="PASS">
          <params>
            <param index="0">
              <value>
                <![CDATA["Predicting the gender of single name"]]>
              </value>
            </param>
            <param index="1">
              <value>
                <![CDATA["Test API endpoint"]]>
              </value>
            </param>
          </params>
          <reporter-output>
          </reporter-output>
        </test-method> <!-- runScenario -->
        <test-method signature="runScenario(io.cucumber.testng.PickleWrapper,io.cucumber.testng.FeatureWrapper)[pri:0, instance:cucumber.TestNGTestRunner@40005471]" started-at="2025-07-06T19:31:41 BST" name="runScenario" description="Runs Cucumber Scenarios" data-provider="scenarios" finished-at="2025-07-06T19:31:42 BST" duration-ms="562" status="PASS">
          <params>
            <param index="0">
              <value>
                <![CDATA["Predicting the gender of single name"]]>
              </value>
            </param>
            <param index="1">
              <value>
                <![CDATA["Test API endpoint"]]>
              </value>
            </param>
          </params>
          <reporter-output>
          </reporter-output>
        </test-method> <!-- runScenario -->
        <test-method signature="runScenario(io.cucumber.testng.PickleWrapper,io.cucumber.testng.FeatureWrapper)[pri:0, instance:cucumber.TestNGTestRunner@40005471]" started-at="2025-07-06T19:31:42 BST" name="runScenario" description="Runs Cucumber Scenarios" data-provider="scenarios" finished-at="2025-07-06T19:31:42 BST" duration-ms="576" status="PASS">
          <params>
            <param index="0">
              <value>
                <![CDATA["Validate API endpoint for specific country"]]>
              </value>
            </param>
            <param index="1">
              <value>
                <![CDATA["Test API endpoint"]]>
              </value>
            </param>
          </params>
          <reporter-output>
          </reporter-output>
        </test-method> <!-- runScenario -->
        <test-method signature="runScenario(io.cucumber.testng.PickleWrapper,io.cucumber.testng.FeatureWrapper)[pri:0, instance:cucumber.TestNGTestRunner@40005471]" started-at="2025-07-06T19:31:42 BST" name="runScenario" description="Runs Cucumber Scenarios" data-provider="scenarios" finished-at="2025-07-06T19:31:43 BST" duration-ms="558" status="PASS">
          <params>
            <param index="0">
              <value>
                <![CDATA["Validate API endpoint for specific country"]]>
              </value>
            </param>
            <param index="1">
              <value>
                <![CDATA["Test API endpoint"]]>
              </value>
            </param>
          </params>
          <reporter-output>
          </reporter-output>
        </test-method> <!-- runScenario -->
        <test-method signature="runScenario(io.cucumber.testng.PickleWrapper,io.cucumber.testng.FeatureWrapper)[pri:0, instance:cucumber.TestNGTestRunner@40005471]" started-at="2025-07-06T19:31:43 BST" name="runScenario" description="Runs Cucumber Scenarios" data-provider="scenarios" finished-at="2025-07-06T19:31:43 BST" duration-ms="576" status="PASS">
          <params>
            <param index="0">
              <value>
                <![CDATA["Validate API endpoint for specific country"]]>
              </value>
            </param>
            <param index="1">
              <value>
                <![CDATA["Test API endpoint"]]>
              </value>
            </param>
          </params>
          <reporter-output>
          </reporter-output>
        </test-method> <!-- runScenario -->
        <test-method signature="runScenario(io.cucumber.testng.PickleWrapper,io.cucumber.testng.FeatureWrapper)[pri:0, instance:cucumber.TestNGTestRunner@40005471]" started-at="2025-07-06T19:31:43 BST" name="runScenario" description="Runs Cucumber Scenarios" data-provider="scenarios" finished-at="2025-07-06T19:31:44 BST" duration-ms="578" status="PASS">
          <params>
            <param index="0">
              <value>
                <![CDATA["Validate API endpoint for specific country"]]>
              </value>
            </param>
            <param index="1">
              <value>
                <![CDATA["Test API endpoint"]]>
              </value>
            </param>
          </params>
          <reporter-output>
          </reporter-output>
        </test-method> <!-- runScenario -->
        <test-method signature="runScenario(io.cucumber.testng.PickleWrapper,io.cucumber.testng.FeatureWrapper)[pri:0, instance:cucumber.TestNGTestRunner@40005471]" started-at="2025-07-06T19:31:44 BST" name="runScenario" description="Runs Cucumber Scenarios" data-provider="scenarios" finished-at="2025-07-06T19:31:44 BST" duration-ms="555" status="PASS">
          <params>
            <param index="0">
              <value>
                <![CDATA["Validate API endpoint for specific country"]]>
              </value>
            </param>
            <param index="1">
              <value>
                <![CDATA["Test API endpoint"]]>
              </value>
            </param>
          </params>
          <reporter-output>
          </reporter-output>
        </test-method> <!-- runScenario -->
        <test-method signature="runScenario(io.cucumber.testng.PickleWrapper,io.cucumber.testng.FeatureWrapper)[pri:0, instance:cucumber.TestNGTestRunner@40005471]" started-at="2025-07-06T19:31:44 BST" name="runScenario" description="Runs Cucumber Scenarios" data-provider="scenarios" finished-at="2025-07-06T19:31:45 BST" duration-ms="560" status="PASS">
          <params>
            <param index="0">
              <value>
                <![CDATA["Validate API endpoint for specific country"]]>
              </value>
            </param>
            <param index="1">
              <value>
                <![CDATA["Test API endpoint"]]>
              </value>
            </param>
          </params>
          <reporter-output>
          </reporter-output>
        </test-method> <!-- runScenario -->
        <test-method signature="runScenario(io.cucumber.testng.PickleWrapper,io.cucumber.testng.FeatureWrapper)[pri:0, instance:cucumber.TestNGTestRunner@40005471]" started-at="2025-07-06T19:31:45 BST" name="runScenario" description="Runs Cucumber Scenarios" data-provider="scenarios" finished-at="2025-07-06T19:31:46 BST" duration-ms="577" status="PASS">
          <params>
            <param index="0">
              <value>
                <![CDATA["Validate API endpoint for specific country"]]>
              </value>
            </param>
            <param index="1">
              <value>
                <![CDATA["Test API endpoint"]]>
              </value>
            </param>
          </params>
          <reporter-output>
          </reporter-output>
        </test-method> <!-- runScenario -->
        <test-method signature="runScenario(io.cucumber.testng.PickleWrapper,io.cucumber.testng.FeatureWrapper)[pri:0, instance:cucumber.TestNGTestRunner@40005471]" started-at="2025-07-06T19:31:46 BST" name="runScenario" description="Runs Cucumber Scenarios" data-provider="scenarios" finished-at="2025-07-06T19:31:46 BST" duration-ms="530" status="FAIL">
          <params>
            <param index="0">
              <value>
                <![CDATA["Predicting the gender with multiple names"]]>
              </value>
            </param>
            <param index="1">
              <value>
                <![CDATA["Test API endpoint"]]>
              </value>
            </param>
          </params>
          <exception class="java.lang.AssertionError">
            <message>
              <![CDATA[Expected status code to be 200 but found 429 expected [200] but found [429]]]>
            </message>
            <full-stacktrace>
              <![CDATA[java.lang.AssertionError: Expected status code to be 200 but found 429 expected [200] but found [429]
at org.testng.Assert.fail(Assert.java:111)
at org.testng.Assert.failNotEquals(Assert.java:1578)
at org.testng.Assert.assertEqualsImpl(Assert.java:150)
at org.testng.Assert.assertEquals(Assert.java:132)
at org.testng.Assert.assertEquals(Assert.java:1419)
at org.testng.Assert.assertEquals(Assert.java:1383)
at another.stepDefinitions.Implement.verifyStatusCode(Implement.java:46)
at ✽.The response status code should be "200"(file:///C:/Users/pc/Downloads/eclipse-java-2025-06-R-win32-x86_64/eclipse/Assignment-2-GeoPlace/src/test/java/cucumber/API.feature:44)
]]>
            </full-stacktrace>
          </exception> <!-- java.lang.AssertionError -->
          <reporter-output>
          </reporter-output>
        </test-method> <!-- runScenario -->
        <test-method signature="runScenario(io.cucumber.testng.PickleWrapper,io.cucumber.testng.FeatureWrapper)[pri:0, instance:cucumber.TestNGTestRunner@40005471]" started-at="2025-07-06T19:31:46 BST" name="runScenario" description="Runs Cucumber Scenarios" data-provider="scenarios" finished-at="2025-07-06T19:31:47 BST" duration-ms="521" status="FAIL">
          <params>
            <param index="0">
              <value>
                <![CDATA["Predicting the gender with multiple names"]]>
              </value>
            </param>
            <param index="1">
              <value>
                <![CDATA["Test API endpoint"]]>
              </value>
            </param>
          </params>
          <exception class="java.lang.AssertionError">
            <message>
              <![CDATA[Expected status code to be 200 but found 429 expected [200] but found [429]]]>
            </message>
            <full-stacktrace>
              <![CDATA[java.lang.AssertionError: Expected status code to be 200 but found 429 expected [200] but found [429]
at org.testng.Assert.fail(Assert.java:111)
at org.testng.Assert.failNotEquals(Assert.java:1578)
at org.testng.Assert.assertEqualsImpl(Assert.java:150)
at org.testng.Assert.assertEquals(Assert.java:132)
at org.testng.Assert.assertEquals(Assert.java:1419)
at org.testng.Assert.assertEquals(Assert.java:1383)
at another.stepDefinitions.Implement.verifyStatusCode(Implement.java:46)
at ✽.The response status code should be "200"(file:///C:/Users/pc/Downloads/eclipse-java-2025-06-R-win32-x86_64/eclipse/Assignment-2-GeoPlace/src/test/java/cucumber/API.feature:44)
]]>
            </full-stacktrace>
          </exception> <!-- java.lang.AssertionError -->
          <reporter-output>
          </reporter-output>
        </test-method> <!-- runScenario -->
        <test-method is-config="true" signature="tearDownClass()[pri:0, instance:cucumber.TestNGTestRunner@40005471]" started-at="2025-07-06T19:31:47 BST" name="tearDownClass" finished-at="2025-07-06T19:31:47 BST" duration-ms="26" status="PASS">
          <reporter-output>
          </reporter-output>
        </test-method> <!-- tearDownClass -->
      </class> <!-- cucumber.TestNGTestRunner -->
    </test> <!-- Default test -->
  </suite> <!-- Default suite -->
</testng-results>
